<?xml version="1.0" encoding="UTF-8"?>
<!-- Generated by org.testng.reporters.JUnitReportReporter -->
<testsuite hostname="WIN-OPE5MEVAQUN" name="testcases.Purchasing" tests="1" failures="0" timestamp="19 Jan 2017 13:35:33 GMT" time="17.538" errors="0">
  <testcase name="purcharseOrder" time="17.538" classname="testcases.Purchasing"/>
</testsuite> <!-- testcases.Purchasing -->
